number,value,datetime_start,datetime_complete,duration,params_bagging_fraction,params_feature_fraction,params_lambda_l1,params_lambda_l2,params_learning_rate,params_max_depth,params_min_child_samples,params_num_leaves,system_attrs_tpe:relative_params:0,state
0,70.7894409950987,2026-10-09 09:39:33.480791,2026-10-09 09:39:51.177176,0 days 00:00:17.696385,0.5779972601681014,0.5780093202212182,0.0017073967431528124,2.9154431891537547,0.05395030966670229,8,128,29,,COMPLETE
1,70.92057477862095,2026-10-09 09:39:51.212007,2026-10-09 09:39:59.046504,0 days 00:00:07.834497,0.6061695553391381,0.9162213204002109,0.005337032762603957,0.00541524411940254,0.010485387725194618,7,195,42,,COMPLETE
2,70.60672538816344,2026-10-09 09:39:59.065906,2026-10-09 09:40:06.322421,0 days 00:00:07.256515,0.569746930326021,0.8059264473611898,0.01474275315991467,0.029204338471814112,0.027036160666620016,6,72,25,,COMPLETE
3,70.94159437505549,2026-10-09 09:40:06.359538,2026-10-09 09:40:14.192462,0 days 00:00:07.832924,0.5232252063599989,0.7962072844310213,0.26926469100861794,0.004809461967501573,0.015837031559118753,7,113,33,,COMPLETE
4,71.2222600091663,2026-10-09 09:40:14.205923,2026-10-09 09:40:16.996522,0 days 00:00:02.790599,0.5488360570031919,0.6523068845866853,0.5456725485601477,0.057624872164786026,0.0923915031962725,8,166,11,,COMPLETE
5,70.87295002016378,2026-10-09 09:40:17.018063,2026-10-09 09:40:26.016256,0 days 00:00:08.998193,0.831261142176991,0.6293899908000085,0.017654048052495083,0.12030178871154672,0.01082401838150096,5,184,14,,COMPLETE
6,70.84025897596482,2026-10-09 09:40:26.045322,2026-10-09 09:40:30.077440,0 days 00:00:04.032118,0.9474136752138245,0.9697494707820946,0.24637685958997463,4.869640941520899,0.09323621351781479,4,160,39,,COMPLETE
7,70.80832134647498,2026-10-09 09:40:30.097361,2026-10-09 09:40:36.507582,0 days 00:00:06.410221,0.6356745158869479,0.6943386448447411,2.0651425578959257,0.026730883107816707,0.011097554561103107,4,78,13,,COMPLETE
8,70.94445662397546,2026-10-09 09:40:36.538597,2026-10-09 09:40:44.874919,0 days 00:00:08.336322,0.9934434683002586,0.5372753218398854,1.2273800987852967,0.0062353771356731605,0.013833249975219963,6,165,24,,COMPLETE
9,71.09040352425474,2026-10-09 09:40:44.896927,2026-10-09 09:40:48.200031,0 days 00:00:03.303104,0.5370223258670452,0.8856351733429728,0.02715581955282941,0.0029072088906598446,0.05091635945818555,7,151,8,,COMPLETE
10,70.695822770926,2026-10-09 09:40:48.234095,2026-10-09 09:40:53.278487,0 days 00:00:05.044392,0.5430262447164398,0.6590796029166188,0.015474939693289388,0.002055747114104014,0.0216167732935365,7,39,8,"{""bagging_fraction"": 0.5430262447164398, ""feature_fraction"": 0.6590796029166188, ""lambda_l1"": 0.015474939693289388, ""lambda_l2"": 0.002055747114104014, ""learning_rate"": 0.0216167732935365, ""max_depth"": 7, ""min_child_samples"": 39, ""num_leaves"": 8}",COMPLETE
11,71.13801820730282,2026-10-09 09:40:53.296170,2026-10-09 09:40:59.213643,0 days 00:00:05.917473,0.5286540237911322,0.6721067664866529,0.015797987621496954,0.0012102151487863005,0.05341369858569316,7,50,11,"{""bagging_fraction"": 0.5286540237911322, ""feature_fraction"": 0.6721067664866529, ""lambda_l1"": 0.015797987621496954, ""lambda_l2"": 0.0012102151487863005, ""learning_rate"": 0.05341369858569316, ""max_depth"": 7, ""min_child_samples"": 50, ""num_leaves"": 11}",COMPLETE
12,70.68522529687348,2026-10-09 09:40:59.241180,2026-10-09 09:41:06.336046,0 days 00:00:07.094866,0.5152804880187152,0.7504717378528428,0.1772413890306565,0.00882163535099294,0.02009265524191648,7,34,10,"{""bagging_fraction"": 0.5152804880187152, ""feature_fraction"": 0.7504717378528428, ""lambda_l1"": 0.1772413890306565, ""lambda_l2"": 0.00882163535099294, ""learning_rate"": 0.02009265524191648, ""max_depth"": 7, ""min_child_samples"": 34, ""num_leaves"": 10}",COMPLETE
13,70.60290462388458,2026-10-09 09:41:06.366047,2026-10-09 09:41:14.807147,0 days 00:00:08.441100,0.6055645114811883,0.8340696996706332,0.06889878414005647,0.1965410674735564,0.015733504831908097,8,36,12,"{""bagging_fraction"": 0.6055645114811883, ""feature_fraction"": 0.8340696996706332, ""lambda_l1"": 0.06889878414005647, ""lambda_l2"": 0.1965410674735564, ""learning_rate"": 0.015733504831908097, ""max_depth"": 8, ""min_child_samples"": 36, ""num_leaves"": 12}",COMPLETE
14,70.75108056457536,2026-10-09 09:41:14.843640,2026-10-09 09:41:25.808425,0 days 00:00:10.964785,0.5846978139851458,0.9343988527709403,0.01251944367714752,0.2568155478585951,0.014190718304432292,6,60,17,"{""bagging_fraction"": 0.5846978139851458, ""feature_fraction"": 0.9343988527709403, ""lambda_l1"": 0.01251944367714752, ""lambda_l2"": 0.2568155478585951, ""learning_rate"": 0.014190718304432292, ""max_depth"": 6, ""min_child_samples"": 60, ""num_leaves"": 17}",COMPLETE
15,70.85765042422318,2026-10-09 09:41:25.875309,2026-10-09 09:41:34.155604,0 days 00:00:08.280295,0.736122075662918,0.8727367896752728,0.8527763854998096,0.37128735833719473,0.023244717556278837,8,74,11,"{""bagging_fraction"": 0.736122075662918, ""feature_fraction"": 0.8727367896752728, ""lambda_l1"": 0.8527763854998096, ""lambda_l2"": 0.37128735833719473, ""learning_rate"": 0.023244717556278837, ""max_depth"": 8, ""min_child_samples"": 74, ""num_leaves"": 11}",COMPLETE
16,70.71376045389438,2026-10-09 09:41:34.275795,2026-10-09 09:41:47.832124,0 days 00:00:13.556329,0.5756205752388442,0.8878664825937113,3.4982558051335366,0.04656651865545025,0.014783148348534414,7,44,22,"{""bagging_fraction"": 0.5756205752388442, ""feature_fraction"": 0.8878664825937113, ""lambda_l1"": 3.4982558051335366, ""lambda_l2"": 0.04656651865545025, ""learning_rate"": 0.014783148348534414, ""max_depth"": 7, ""min_child_samples"": 44, ""num_leaves"": 22}",COMPLETE
17,70.50195016608879,2026-10-09 09:41:47.855937,2026-10-09 09:41:56.410122,0 days 00:00:08.554185,0.731939241721456,0.8447641358131066,0.2679376520910989,0.24495230643999377,0.018868763507011593,6,33,9,"{""bagging_fraction"": 0.731939241721456, ""feature_fraction"": 0.8447641358131066, ""lambda_l1"": 0.2679376520910989, ""lambda_l2"": 0.24495230643999377, ""learning_rate"": 0.018868763507011593, ""max_depth"": 6, ""min_child_samples"": 33, ""num_leaves"": 9}",COMPLETE
18,70.55298935300137,2026-10-09 09:41:56.449117,2026-10-09 09:42:03.957830,0 days 00:00:07.508713,0.6515406989989381,0.8106153513229105,0.8771682030558243,0.2533577136177274,0.025201217882243946,7,33,8,"{""bagging_fraction"": 0.6515406989989381, ""feature_fraction"": 0.8106153513229105, ""lambda_l1"": 0.8771682030558243, ""lambda_l2"": 0.2533577136177274, ""learning_rate"": 0.025201217882243946, ""max_depth"": 7, ""min_child_samples"": 33, ""num_leaves"": 8}",COMPLETE
19,70.74888159269436,2026-10-09 09:42:03.972836,2026-10-09 09:42:12.315348,0 days 00:00:08.342512,0.6006919808441904,0.7261115013054833,0.38165928717059283,0.27985862399357864,0.01697600982406019,7,86,17,"{""bagging_fraction"": 0.6006919808441904, ""feature_fraction"": 0.7261115013054833, ""lambda_l1"": 0.38165928717059283, ""lambda_l2"": 0.27985862399357864, ""learning_rate"": 0.01697600982406019, ""max_depth"": 7, ""min_child_samples"": 86, ""num_leaves"": 17}",COMPLETE
20,70.8314228317407,2026-10-09 09:42:12.327347,2026-10-09 09:42:21.023615,0 days 00:00:08.696268,0.6658221343780236,0.8977975635240232,2.3878052938474035,0.44744354506438605,0.021116394972460505,7,67,22,"{""bagging_fraction"": 0.6658221343780236, ""feature_fraction"": 0.8977975635240232, ""lambda_l1"": 2.3878052938474035, ""lambda_l2"": 0.44744354506438605, ""learning_rate"": 0.021116394972460505, ""max_depth"": 7, ""min_child_samples"": 67, ""num_leaves"": 22}",COMPLETE
21,70.61427777928223,2026-10-09 09:42:21.049619,2026-10-09 09:42:31.608608,0 days 00:00:10.558989,0.5479592071302696,0.8137016762663868,0.06269273596718254,0.6798809402534259,0.010295158825939923,8,45,12,"{""bagging_fraction"": 0.5479592071302696, ""feature_fraction"": 0.8137016762663868, ""lambda_l1"": 0.06269273596718254, ""lambda_l2"": 0.6798809402534259, ""learning_rate"": 0.010295158825939923, ""max_depth"": 8, ""min_child_samples"": 45, ""num_leaves"": 12}",COMPLETE
22,70.7198166000479,2026-10-09 09:42:31.651251,2026-10-09 09:42:38.947625,0 days 00:00:07.296374,0.6225600376973541,0.796112212345361,0.03800094486182277,0.20938841523583535,0.015658014776090266,8,77,9,"{""bagging_fraction"": 0.6225600376973541, ""feature_fraction"": 0.796112212345361, ""lambda_l1"": 0.03800094486182277, ""lambda_l2"": 0.20938841523583535, ""learning_rate"": 0.015658014776090266, ""max_depth"": 8, ""min_child_samples"": 77, ""num_leaves"": 9}",COMPLETE
23,70.56401439504099,2026-10-09 09:42:38.976870,2026-10-09 09:42:48.607311,0 days 00:00:09.630441,0.6474638410875935,0.836655373272416,0.032410530642738335,0.12886253693030086,0.017238141362076156,7,29,12,"{""bagging_fraction"": 0.6474638410875935, ""feature_fraction"": 0.836655373272416, ""lambda_l1"": 0.032410530642738335, ""lambda_l2"": 0.12886253693030086, ""learning_rate"": 0.017238141362076156, ""max_depth"": 7, ""min_child_samples"": 29, ""num_leaves"": 12}",COMPLETE
24,70.44806277629824,2026-10-09 09:42:48.641611,2026-10-09 09:42:58.953476,0 days 00:00:10.311865,0.7703910019675383,0.8567999845939137,0.7381174905124026,0.7444127496176852,0.01866425050729005,6,46,11,"{""bagging_fraction"": 0.7703910019675383, ""feature_fraction"": 0.8567999845939137, ""lambda_l1"": 0.7381174905124026, ""lambda_l2"": 0.7444127496176852, ""learning_rate"": 0.01866425050729005, ""max_depth"": 6, ""min_child_samples"": 46, ""num_leaves"": 11}",COMPLETE
25,70.5653604082272,2026-10-09 09:42:58.979475,2026-10-09 09:43:13.842270,0 days 00:00:14.862795,0.7845019947064124,0.9448223085114088,1.2333399623596621,1.2005521043893022,0.015213767990970205,6,30,15,"{""bagging_fraction"": 0.7845019947064124, ""feature_fraction"": 0.9448223085114088, ""lambda_l1"": 1.2333399623596621, ""lambda_l2"": 1.2005521043893022, ""learning_rate"": 0.015213767990970205, ""max_depth"": 6, ""min_child_samples"": 30, ""num_leaves"": 15}",COMPLETE
26,70.49559559752721,2026-10-09 09:43:13.886172,2026-10-09 09:43:30.131787,0 days 00:00:16.245615,0.8498706025985231,0.8095921877886776,1.1779480870461065,0.67678608629173,0.014107824523611806,7,22,16,"{""bagging_fraction"": 0.8498706025985231, ""feature_fraction"": 0.8095921877886776, ""lambda_l1"": 1.1779480870461065, ""lambda_l2"": 0.67678608629173, ""learning_rate"": 0.014107824523611806, ""max_depth"": 7, ""min_child_samples"": 22, ""num_leaves"": 16}",COMPLETE
27,70.82248499530957,2026-10-09 09:43:30.157844,2026-10-09 09:43:40.519274,0 days 00:00:10.361430,0.7948988937508855,0.8251619211832201,0.34525070883567394,0.49074623454857996,0.015504572135863206,6,71,13,"{""bagging_fraction"": 0.7948988937508855, ""feature_fraction"": 0.8251619211832201, ""lambda_l1"": 0.34525070883567394, ""lambda_l2"": 0.49074623454857996, ""learning_rate"": 0.015504572135863206, ""max_depth"": 6, ""min_child_samples"": 71, ""num_leaves"": 13}",COMPLETE
28,70.55187450912702,2026-10-09 09:43:40.552846,2026-10-09 09:43:50.167785,0 days 00:00:09.614939,0.694156399987596,0.8282968125802695,2.447458905734419,0.21123369801988615,0.01693737381002657,6,41,15,"{""bagging_fraction"": 0.694156399987596, ""feature_fraction"": 0.8282968125802695, ""lambda_l1"": 2.447458905734419, ""lambda_l2"": 0.21123369801988615, ""learning_rate"": 0.01693737381002657, ""max_depth"": 6, ""min_child_samples"": 41, ""num_leaves"": 15}",COMPLETE
29,70.68865407467928,2026-10-09 09:43:50.194079,2026-10-09 09:44:01.402867,0 days 00:00:11.208788,0.7834795512448859,0.8185876313395769,0.8602308906911784,0.8926132392333452,0.01613138812756402,6,25,19,"{""bagging_fraction"": 0.7834795512448859, ""feature_fraction"": 0.8185876313395769, ""lambda_l1"": 0.8602308906911784, ""lambda_l2"": 0.8926132392333452, ""learning_rate"": 0.01613138812756402, ""max_depth"": 6, ""min_child_samples"": 25, ""num_leaves"": 19}",COMPLETE
30,70.61333833662772,2026-10-09 09:44:01.433626,2026-10-09 09:44:11.818402,0 days 00:00:10.384776,0.6907983863980319,0.9146061792553468,0.537968497692101,0.5149892783817352,0.019591345112860443,6,45,21,"{""bagging_fraction"": 0.6907983863980319, ""feature_fraction"": 0.9146061792553468, ""lambda_l1"": 0.537968497692101, ""lambda_l2"": 0.5149892783817352, ""learning_rate"": 0.019591345112860443, ""max_depth"": 6, ""min_child_samples"": 45, ""num_leaves"": 21}",COMPLETE
31,70.61814766094402,2026-10-09 09:44:11.842318,2026-10-09 09:44:22.284177,0 days 00:00:10.441859,0.7321646836672221,0.8266844500001795,0.11967804834651902,1.2167715211715788,0.012661010426020471,6,46,13,"{""bagging_fraction"": 0.7321646836672221, ""feature_fraction"": 0.8266844500001795, ""lambda_l1"": 0.11967804834651902, ""lambda_l2"": 1.2167715211715788, ""learning_rate"": 0.012661010426020471, ""max_depth"": 6, ""min_child_samples"": 46, ""num_leaves"": 13}",COMPLETE
32,70.85859487348566,2026-10-09 09:44:22.361436,2026-10-09 09:44:36.909278,0 days 00:00:14.547842,0.85732993340833,0.6908437612642279,3.0362411217958676,1.0095326554854915,0.013844087948675558,6,39,16,"{""bagging_fraction"": 0.85732993340833, ""feature_fraction"": 0.6908437612642279, ""lambda_l1"": 3.0362411217958676, ""lambda_l2"": 1.0095326554854915, ""learning_rate"": 0.013844087948675558, ""max_depth"": 6, ""min_child_samples"": 39, ""num_leaves"": 16}",COMPLETE
33,70.65096176626719,2026-10-09 09:44:36.932966,2026-10-09 09:44:48.273506,0 days 00:00:11.340540,0.758201007904221,0.7838388936632079,1.39958037240688,0.19613143440791073,0.01880340459855248,6,39,17,"{""bagging_fraction"": 0.758201007904221, ""feature_fraction"": 0.7838388936632079, ""lambda_l1"": 1.39958037240688, ""lambda_l2"": 0.19613143440791073, ""learning_rate"": 0.01880340459855248, ""max_depth"": 6, ""min_child_samples"": 39, ""num_leaves"": 17}",COMPLETE
34,70.69780665040484,2026-10-09 09:44:48.299033,2026-10-09 09:44:56.477000,0 days 00:00:08.177967,0.7392096007156551,0.9354353578151999,0.12465037800336355,0.13051709414475335,0.020604032529014854,5,45,17,"{""bagging_fraction"": 0.7392096007156551, ""feature_fraction"": 0.9354353578151999, ""lambda_l1"": 0.12465037800336355, ""lambda_l2"": 0.13051709414475335, ""learning_rate"": 0.020604032529014854, ""max_depth"": 5, ""min_child_samples"": 45, ""num_leaves"": 17}",COMPLETE
35,70.47725220430262,2026-10-09 09:44:56.500893,2026-10-09 09:45:07.855910,0 days 00:00:11.355017,0.8082225215587228,0.8249076712784158,2.357121677230586,0.32725322377826127,0.01803461350021026,8,63,12,"{""bagging_fraction"": 0.8082225215587228, ""feature_fraction"": 0.8249076712784158, ""lambda_l1"": 2.357121677230586, ""lambda_l2"": 0.32725322377826127, ""learning_rate"": 0.01803461350021026, ""max_depth"": 8, ""min_child_samples"": 63, ""num_leaves"": 12}",COMPLETE
36,70.55994324611659,2026-10-09 09:45:07.888927,2026-10-09 09:45:20.271940,0 days 00:00:12.383013,0.8097379826588265,0.852207572995152,0.3486158834848185,1.2225417609872327,0.010444917768135083,8,30,12,"{""bagging_fraction"": 0.8097379826588265, ""feature_fraction"": 0.852207572995152, ""lambda_l1"": 0.3486158834848185, ""lambda_l2"": 1.2225417609872327, ""learning_rate"": 0.010444917768135083, ""max_depth"": 8, ""min_child_samples"": 30, ""num_leaves"": 12}",COMPLETE
37,70.63614499053125,2026-10-09 09:45:20.295210,2026-10-09 09:45:29.991680,0 days 00:00:09.696470,0.7836296850261076,0.8875678732742498,0.2812336956856011,0.08171551159435543,0.01772969514764374,6,67,17,"{""bagging_fraction"": 0.7836296850261076, ""feature_fraction"": 0.8875678732742498, ""lambda_l1"": 0.2812336956856011, ""lambda_l2"": 0.08171551159435543, ""learning_rate"": 0.01772969514764374, ""max_depth"": 6, ""min_child_samples"": 67, ""num_leaves"": 17}",COMPLETE
38,70.61823355087434,2026-10-09 09:45:30.022087,2026-10-09 09:45:39.334073,0 days 00:00:09.311986,0.6976338543726222,0.8742621634474911,0.23158346630351734,0.0881588804965017,0.013240499745913922,6,54,9,"{""bagging_fraction"": 0.6976338543726222, ""feature_fraction"": 0.8742621634474911, ""lambda_l1"": 0.23158346630351734, ""lambda_l2"": 0.0881588804965017, ""learning_rate"": 0.013240499745913922, ""max_depth"": 6, ""min_child_samples"": 54, ""num_leaves"": 9}",COMPLETE
39,70.7657480894487,2026-10-09 09:45:39.363174,2026-10-09 09:45:52.112857,0 days 00:00:12.749683,0.8510171399047742,0.8622994217434791,1.871608574651323,0.22535046287200863,0.01333101047791239,8,27,11,"{""bagging_fraction"": 0.8510171399047742, ""feature_fraction"": 0.8622994217434791, ""lambda_l1"": 1.871608574651323, ""lambda_l2"": 0.22535046287200863, ""learning_rate"": 0.01333101047791239, ""max_depth"": 8, ""min_child_samples"": 27, ""num_leaves"": 11}",COMPLETE
40,70.61054320803419,2026-10-09 09:45:52.145151,2026-10-09 09:46:02.446639,0 days 00:00:10.301488,0.8131643832948601,0.8459204981880728,0.6002104672855317,0.33016962891727647,0.020059183818267077,7,67,19,"{""bagging_fraction"": 0.8131643832948601, ""feature_fraction"": 0.8459204981880728, ""lambda_l1"": 0.6002104672855317, ""lambda_l2"": 0.33016962891727647, ""learning_rate"": 0.020059183818267077, ""max_depth"": 7, ""min_child_samples"": 67, ""num_leaves"": 19}",COMPLETE
41,70.70599024137549,2026-10-09 09:46:02.462683,2026-10-09 09:46:13.509191,0 days 00:00:11.046508,0.8015603091317478,0.8964727245641837,1.2484894049436428,0.168912730319536,0.020008480609186863,7,31,12,"{""bagging_fraction"": 0.8015603091317478, ""feature_fraction"": 0.8964727245641837, ""lambda_l1"": 1.2484894049436428, ""lambda_l2"": 0.168912730319536, ""learning_rate"": 0.020008480609186863, ""max_depth"": 7, ""min_child_samples"": 31, ""num_leaves"": 12}",COMPLETE
42,70.67650642906719,2026-10-09 09:46:13.537836,2026-10-09 09:46:22.164837,0 days 00:00:08.627001,0.7364044546877317,0.8602728685366827,2.4923309399200906,0.2882281462397747,0.020247561035417923,7,42,11,"{""bagging_fraction"": 0.7364044546877317, ""feature_fraction"": 0.8602728685366827, ""lambda_l1"": 2.4923309399200906, ""lambda_l2"": 0.2882281462397747, ""learning_rate"": 0.020247561035417923, ""max_depth"": 7, ""min_child_samples"": 42, ""num_leaves"": 11}",COMPLETE
43,70.53258691141849,2026-10-09 09:46:22.193087,2026-10-09 09:46:33.417606,0 days 00:00:11.224519,0.7692787654187251,0.821866988985969,0.07645490076073586,0.22355119691596176,0.018245945984345858,6,34,20,"{""bagging_fraction"": 0.7692787654187251, ""feature_fraction"": 0.821866988985969, ""lambda_l1"": 0.07645490076073586, ""lambda_l2"": 0.22355119691596176, ""learning_rate"": 0.018245945984345858, ""max_depth"": 6, ""min_child_samples"": 34, ""num_leaves"": 20}",COMPLETE
44,70.69297807053998,2026-10-09 09:46:33.457803,2026-10-09 09:46:44.843296,0 days 00:00:11.385493,0.8084867184402373,0.762125960003395,0.3887571920440755,0.6123662666450063,0.01401212750085341,7,27,12,"{""bagging_fraction"": 0.8084867184402373, ""feature_fraction"": 0.762125960003395, ""lambda_l1"": 0.3887571920440755, ""lambda_l2"": 0.6123662666450063, ""learning_rate"": 0.01401212750085341, ""max_depth"": 7, ""min_child_samples"": 27, ""num_leaves"": 12}",COMPLETE
45,70.84456976615644,2026-10-09 09:46:44.859813,2026-10-09 09:46:55.174568,0 days 00:00:10.314755,0.8387790889399187,0.8266591902605738,1.0782354299118362,1.5227632664036963,0.017100935457473224,8,62,9,"{""bagging_fraction"": 0.8387790889399187, ""feature_fraction"": 0.8266591902605738, ""lambda_l1"": 1.0782354299118362, ""lambda_l2"": 1.5227632664036963, ""learning_rate"": 0.017100935457473224, ""max_depth"": 8, ""min_child_samples"": 62, ""num_leaves"": 9}",COMPLETE
46,70.68135264856176,2026-10-09 09:46:55.208278,2026-10-09 09:47:03.741301,0 days 00:00:08.533023,0.7439938449623829,0.8371899425319926,0.15842322400228628,0.24687023135272004,0.015347666368124076,6,41,13,"{""bagging_fraction"": 0.7439938449623829, ""feature_fraction"": 0.8371899425319926, ""lambda_l1"": 0.15842322400228628, ""lambda_l2"": 0.24687023135272004, ""learning_rate"": 0.015347666368124076, ""max_depth"": 6, ""min_child_samples"": 41, ""num_leaves"": 13}",COMPLETE
47,70.78434327274816,2026-10-09 09:47:03.756642,2026-10-09 09:47:14.649582,0 days 00:00:10.892940,0.7571834347036197,0.818516075444342,0.2182178243293745,0.6436060530832793,0.01625124566752489,6,23,15,"{""bagging_fraction"": 0.7571834347036197, ""feature_fraction"": 0.818516075444342, ""lambda_l1"": 0.2182178243293745, ""lambda_l2"": 0.6436060530832793, ""learning_rate"": 0.01625124566752489, ""max_depth"": 6, ""min_child_samples"": 23, ""num_leaves"": 15}",COMPLETE
48,70.76709538812271,2026-10-09 09:47:14.671377,2026-10-09 09:47:24.894772,0 days 00:00:10.223395,0.8657817514949083,0.7601087137877036,5.322203981990555,0.33397442104630504,0.01734101345658869,8,42,11,"{""bagging_fraction"": 0.8657817514949083, ""feature_fraction"": 0.7601087137877036, ""lambda_l1"": 5.322203981990555, ""lambda_l2"": 0.33397442104630504, ""learning_rate"": 0.01734101345658869, ""max_depth"": 8, ""min_child_samples"": 42, ""num_leaves"": 11}",COMPLETE
49,70.83273704682028,2026-10-09 09:47:24.924899,2026-10-09 09:47:33.849422,0 days 00:00:08.924523,0.9072866720760367,0.8117241115805958,1.7472383781919132,0.36214599606673015,0.019940677555143397,6,28,13,"{""bagging_fraction"": 0.9072866720760367, ""feature_fraction"": 0.8117241115805958, ""lambda_l1"": 1.7472383781919132, ""lambda_l2"": 0.36214599606673015, ""learning_rate"": 0.019940677555143397, ""max_depth"": 6, ""min_child_samples"": 28, ""num_leaves"": 13}",COMPLETE
